node:events:496
      throw er; // Unhandled 'error' event
      ^

Error: listen EADDRINUSE: address already in use :::3000
    at Server.setupListenHandle [as _listen2] (node:net:1940:16)
    at listenInCluster (node:net:1997:12)
    at Server.listen (node:net:2102:7)
    at Function.serverListen [as listen] (/home/runner/workspace/node_modules/express-ws/lib/index.js:42:40)
    at Object.<anonymous> (/home/runner/workspace/index.js:1709:5)
    at Module._compile (node:internal/modules/cjs/loader:1730:14)
    at Object..js (node:internal/modules/cjs/loader:1895:10)
    at Module.load (node:internal/modules/cjs/loader:1465:32)
    at Function._load (node:internal/modules/cjs/loader:1282:12)
    at TracingChannel.traceSync (node:diagnostics_channel:322:14)
Emitted 'error' event on WebSocketServer instance at:
    at Server.emit (node:events:518:28)
    at emitErrorNT (node:ne🧪 Testing ElevenLabs service connection...
🧪 Testing ElevenLabs service connection...
🧪 Testing ElevenLabs service connection...
🧪 Testing ElevenLabs service connection...
🛑 Sequence Caller stopped
